ARM GAS  C:\Users\harri\AppData\Local\Temp\ccEzfPC9.s 			page 1


   1              		.syntax unified
   2              		.cpu cortex-m3
   3              		.fpu softvfp
   4              		.eabi_attribute 20, 1
   5              		.eabi_attribute 21, 1
   6              		.eabi_attribute 23, 3
   7              		.eabi_attribute 24, 1
   8              		.eabi_attribute 25, 1
   9              		.eabi_attribute 26, 1
  10              		.eabi_attribute 30, 1
  11              		.eabi_attribute 34, 1
  12              		.eabi_attribute 18, 4
  13              		.thumb
  14              		.syntax unified
  15              		.file	"cymetadata.c"
  16              		.text
  17              	.Ltext0:
  18              		.cfi_sections	.debug_frame
  19              		.global	cy_metadata
  20              		.global	cy_meta_flashprotect
  21              		.global	cy_meta_wonvl
  22              		.global	cy_meta_custnvl
  23              		.global	cy_meta_configecc
  24              		.section	.cyconfigecc,"a",%progbits
  25              		.align	2
  26              		.type	cy_meta_configecc, %object
  27              		.size	cy_meta_configecc, 1036
  28              	cy_meta_configecc:
  29 0000 04       		.byte	4
  30 0001 52       		.byte	82
  31 0002 00       		.byte	0
  32 0003 40       		.byte	64
  33 0004 02       		.byte	2
  34 0005 64       		.byte	100
  35 0006 00       		.byte	0
  36 0007 40       		.byte	64
  37 0008 02       		.byte	2
  38 0009 65       		.byte	101
  39 000a 00       		.byte	0
  40 000b 40       		.byte	64
  41 000c 09       		.byte	9
  42 000d 08       		.byte	8
  43 000e 01       		.byte	1
  44 000f 40       		.byte	64
  45 0010 31       		.byte	49
  46 0011 09       		.byte	9
  47 0012 01       		.byte	1
  48 0013 40       		.byte	64
  49 0014 62       		.byte	98
  50 0015 18       		.byte	24
  51 0016 01       		.byte	1
  52 0017 40       		.byte	64
  53 0018 3F       		.byte	63
  54 0019 19       		.byte	25
  55 001a 01       		.byte	1
  56 001b 40       		.byte	64
  57 001c 61       		.byte	97
ARM GAS  C:\Users\harri\AppData\Local\Temp\ccEzfPC9.s 			page 2


  58 001d 1A       		.byte	26
  59 001e 01       		.byte	1
  60 001f 40       		.byte	64
  61 0020 4B       		.byte	75
  62 0021 1B       		.byte	27
  63 0022 01       		.byte	1
  64 0023 40       		.byte	64
  65 0024 04       		.byte	4
  66 0025 4C       		.byte	76
  67 0026 01       		.byte	1
  68 0027 40       		.byte	64
  69 0028 09       		.byte	9
  70 0029 4D       		.byte	77
  71 002a 01       		.byte	1
  72 002b 40       		.byte	64
  73 002c 04       		.byte	4
  74 002d 50       		.byte	80
  75 002e 01       		.byte	1
  76 002f 40       		.byte	64
  77 0030 08       		.byte	8
  78 0031 20       		.byte	32
  79 0032 09       		.byte	9
  80 0033 20       		.byte	32
  81 0034 61       		.byte	97
  82 0035 80       		.byte	-128
  83 0036 64       		.byte	100
  84 0037 40       		.byte	64
  85 0038 88       		.byte	-120
  86 0039 72       		.byte	114
  87 003a 89       		.byte	-119
  88 003b 38       		.byte	56
  89 003c 88       		.byte	-120
  90 003d 0F       		.byte	15
  91 003e 8B       		.byte	-117
  92 003f 0F       		.byte	15
  93 0040 A2       		.byte	-94
  94 0041 01       		.byte	1
  95 0042 A6       		.byte	-90
  96 0043 01       		.byte	1
  97 0044 B6       		.byte	-74
  98 0045 01       		.byte	1
  99 0046 BE       		.byte	-66
 100 0047 40       		.byte	64
 101 0048 D4       		.byte	-44
 102 0049 18       		.byte	24
 103 004a D8       		.byte	-40
 104 004b 04       		.byte	4
 105 004c DB       		.byte	-37
 106 004d 04       		.byte	4
 107 004e DD       		.byte	-35
 108 004f 10       		.byte	16
 109 0050 DF       		.byte	-33
 110 0051 01       		.byte	1
 111 0052 05       		.byte	5
 112 0053 01       		.byte	1
 113 0054 06       		.byte	6
 114 0055 20       		.byte	32
ARM GAS  C:\Users\harri\AppData\Local\Temp\ccEzfPC9.s 			page 3


 115 0056 07       		.byte	7
 116 0057 04       		.byte	4
 117 0058 0C       		.byte	12
 118 0059 42       		.byte	66
 119 005a 0E       		.byte	14
 120 005b 25       		.byte	37
 121 005c 10       		.byte	16
 122 005d 80       		.byte	-128
 123 005e 11       		.byte	17
 124 005f 08       		.byte	8
 125 0060 14       		.byte	20
 126 0061 80       		.byte	-128
 127 0062 16       		.byte	22
 128 0063 41       		.byte	65
 129 0064 17       		.byte	23
 130 0065 28       		.byte	40
 131 0066 18       		.byte	24
 132 0067 01       		.byte	1
 133 0068 1C       		.byte	28
 134 0069 10       		.byte	16
 135 006a 1D       		.byte	29
 136 006b 30       		.byte	48
 137 006c 1E       		.byte	30
 138 006d 65       		.byte	101
 139 006e 25       		.byte	37
 140 006f 04       		.byte	4
 141 0070 27       		.byte	39
 142 0071 06       		.byte	6
 143 0072 2C       		.byte	44
 144 0073 02       		.byte	2
 145 0074 2D       		.byte	45
 146 0075 08       		.byte	8
 147 0076 2E       		.byte	46
 148 0077 21       		.byte	33
 149 0078 34       		.byte	52
 150 0079 80       		.byte	-128
 151 007a 35       		.byte	53
 152 007b 11       		.byte	17
 153 007c 37       		.byte	55
 154 007d 04       		.byte	4
 155 007e 3C       		.byte	60
 156 007f 92       		.byte	-110
 157 0080 3E       		.byte	62
 158 0081 08       		.byte	8
 159 0082 44       		.byte	68
 160 0083 40       		.byte	64
 161 0084 45       		.byte	69
 162 0085 24       		.byte	36
 163 0086 47       		.byte	71
 164 0087 40       		.byte	64
 165 0088 4C       		.byte	76
 166 0089 80       		.byte	-128
 167 008a 4E       		.byte	78
 168 008b 08       		.byte	8
 169 008c 57       		.byte	87
 170 008d 10       		.byte	16
 171 008e 5B       		.byte	91
ARM GAS  C:\Users\harri\AppData\Local\Temp\ccEzfPC9.s 			page 4


 172 008f 02       		.byte	2
 173 0090 5E       		.byte	94
 174 0091 40       		.byte	64
 175 0092 60       		.byte	96
 176 0093 05       		.byte	5
 177 0094 6D       		.byte	109
 178 0095 94       		.byte	-108
 179 0096 74       		.byte	116
 180 0097 40       		.byte	64
 181 0098 75       		.byte	117
 182 0099 08       		.byte	8
 183 009a 76       		.byte	118
 184 009b 09       		.byte	9
 185 009c 77       		.byte	119
 186 009d 28       		.byte	40
 187 009e 85       		.byte	-123
 188 009f 21       		.byte	33
 189 00a0 C0       		.byte	-64
 190 00a1 70       		.byte	112
 191 00a2 C2       		.byte	-62
 192 00a3 F0       		.byte	-16
 193 00a4 C4       		.byte	-60
 194 00a5 FC       		.byte	-4
 195 00a6 CA       		.byte	-54
 196 00a7 F0       		.byte	-16
 197 00a8 CC       		.byte	-52
 198 00a9 F0       		.byte	-16
 199 00aa CE       		.byte	-50
 200 00ab F0       		.byte	-16
 201 00ac D0       		.byte	-48
 202 00ad F0       		.byte	-16
 203 00ae D2       		.byte	-46
 204 00af 20       		.byte	32
 205 00b0 D6       		.byte	-42
 206 00b1 11       		.byte	17
 207 00b2 D8       		.byte	-40
 208 00b3 0C       		.byte	12
 209 00b4 01       		.byte	1
 210 00b5 01       		.byte	1
 211 00b6 04       		.byte	4
 212 00b7 13       		.byte	19
 213 00b8 05       		.byte	5
 214 00b9 08       		.byte	8
 215 00ba 06       		.byte	6
 216 00bb 04       		.byte	4
 217 00bc 08       		.byte	8
 218 00bd 0A       		.byte	10
 219 00be 09       		.byte	9
 220 00bf 08       		.byte	8
 221 00c0 0A       		.byte	10
 222 00c1 14       		.byte	20
 223 00c2 0D       		.byte	13
 224 00c3 08       		.byte	8
 225 00c4 13       		.byte	19
 226 00c5 02       		.byte	2
 227 00c6 16       		.byte	22
 228 00c7 08       		.byte	8
ARM GAS  C:\Users\harri\AppData\Local\Temp\ccEzfPC9.s 			page 5


 229 00c8 17       		.byte	23
 230 00c9 01       		.byte	1
 231 00ca 1A       		.byte	26
 232 00cb 15       		.byte	21
 233 00cc 1B       		.byte	27
 234 00cd 01       		.byte	1
 235 00ce 1C       		.byte	28
 236 00cf 13       		.byte	19
 237 00d0 1D       		.byte	29
 238 00d1 01       		.byte	1
 239 00d2 1E       		.byte	30
 240 00d3 0C       		.byte	12
 241 00d4 25       		.byte	37
 242 00d5 10       		.byte	16
 243 00d6 2B       		.byte	43
 244 00d7 04       		.byte	4
 245 00d8 2C       		.byte	44
 246 00d9 03       		.byte	3
 247 00da 2E       		.byte	46
 248 00db 14       		.byte	20
 249 00dc 2F       		.byte	47
 250 00dd 04       		.byte	4
 251 00de 30       		.byte	48
 252 00df 10       		.byte	16
 253 00e0 31       		.byte	49
 254 00e1 06       		.byte	6
 255 00e2 33       		.byte	51
 256 00e3 08       		.byte	8
 257 00e4 35       		.byte	53
 258 00e5 10       		.byte	16
 259 00e6 36       		.byte	54
 260 00e7 0F       		.byte	15
 261 00e8 37       		.byte	55
 262 00e9 01       		.byte	1
 263 00ea 39       		.byte	57
 264 00eb 80       		.byte	-128
 265 00ec 3A       		.byte	58
 266 00ed 80       		.byte	-128
 267 00ee 3E       		.byte	62
 268 00ef 01       		.byte	1
 269 00f0 3F       		.byte	63
 270 00f1 11       		.byte	17
 271 00f2 40       		.byte	64
 272 00f3 50       		.byte	80
 273 00f4 41       		.byte	65
 274 00f5 02       		.byte	2
 275 00f6 49       		.byte	73
 276 00f7 FF       		.byte	-1
 277 00f8 4A       		.byte	74
 278 00f9 FF       		.byte	-1
 279 00fa 4B       		.byte	75
 280 00fb FF       		.byte	-1
 281 00fc 4D       		.byte	77
 282 00fd A0       		.byte	-96
 283 00fe 4F       		.byte	79
 284 00ff 04       		.byte	4
 285 0100 50       		.byte	80
ARM GAS  C:\Users\harri\AppData\Local\Temp\ccEzfPC9.s 			page 6


 286 0101 18       		.byte	24
 287 0102 54       		.byte	84
 288 0103 01       		.byte	1
 289 0104 58       		.byte	88
 290 0105 04       		.byte	4
 291 0106 59       		.byte	89
 292 0107 04       		.byte	4
 293 0108 5A       		.byte	90
 294 0109 04       		.byte	4
 295 010a 5B       		.byte	91
 296 010b 04       		.byte	4
 297 010c 5C       		.byte	92
 298 010d 11       		.byte	17
 299 010e 5D       		.byte	93
 300 010f 10       		.byte	16
 301 0110 5F       		.byte	95
 302 0111 01       		.byte	1
 303 0112 60       		.byte	96
 304 0113 40       		.byte	64
 305 0114 62       		.byte	98
 306 0115 C0       		.byte	-64
 307 0116 64       		.byte	100
 308 0117 40       		.byte	64
 309 0118 65       		.byte	101
 310 0119 40       		.byte	64
 311 011a 66       		.byte	102
 312 011b C0       		.byte	-64
 313 011c 68       		.byte	104
 314 011d C0       		.byte	-64
 315 011e 6A       		.byte	106
 316 011f C0       		.byte	-64
 317 0120 6C       		.byte	108
 318 0121 C0       		.byte	-64
 319 0122 6E       		.byte	110
 320 0123 C0       		.byte	-64
 321 0124 87       		.byte	-121
 322 0125 03       		.byte	3
 323 0126 8A       		.byte	-118
 324 0127 04       		.byte	4
 325 0128 8B       		.byte	-117
 326 0129 04       		.byte	4
 327 012a 92       		.byte	-110
 328 012b 01       		.byte	1
 329 012c 99       		.byte	-103
 330 012d 02       		.byte	2
 331 012e 9E       		.byte	-98
 332 012f 0E       		.byte	14
 333 0130 A6       		.byte	-90
 334 0131 08       		.byte	8
 335 0132 AA       		.byte	-86
 336 0133 02       		.byte	2
 337 0134 B0       		.byte	-80
 338 0135 08       		.byte	8
 339 0136 B1       		.byte	-79
 340 0137 02       		.byte	2
 341 0138 B2       		.byte	-78
 342 0139 04       		.byte	4
ARM GAS  C:\Users\harri\AppData\Local\Temp\ccEzfPC9.s 			page 7


 343 013a B3       		.byte	-77
 344 013b 04       		.byte	4
 345 013c B4       		.byte	-76
 346 013d 02       		.byte	2
 347 013e B5       		.byte	-75
 348 013f 01       		.byte	1
 349 0140 B6       		.byte	-74
 350 0141 01       		.byte	1
 351 0142 BE       		.byte	-66
 352 0143 10       		.byte	16
 353 0144 C0       		.byte	-64
 354 0145 10       		.byte	16
 355 0146 C1       		.byte	-63
 356 0147 06       		.byte	6
 357 0148 C5       		.byte	-59
 358 0149 D1       		.byte	-47
 359 014a C6       		.byte	-58
 360 014b 50       		.byte	80
 361 014c C7       		.byte	-57
 362 014d 02       		.byte	2
 363 014e C8       		.byte	-56
 364 014f 1B       		.byte	27
 365 0150 C9       		.byte	-55
 366 0151 FF       		.byte	-1
 367 0152 CA       		.byte	-54
 368 0153 FF       		.byte	-1
 369 0154 CB       		.byte	-53
 370 0155 FF       		.byte	-1
 371 0156 CD       		.byte	-51
 372 0157 AF       		.byte	-81
 373 0158 CE       		.byte	-50
 374 0159 0F       		.byte	15
 375 015a CF       		.byte	-49
 376 015b 04       		.byte	4
 377 015c D0       		.byte	-48
 378 015d 18       		.byte	24
 379 015e D8       		.byte	-40
 380 015f 04       		.byte	4
 381 0160 D9       		.byte	-39
 382 0161 04       		.byte	4
 383 0162 DA       		.byte	-38
 384 0163 04       		.byte	4
 385 0164 DF       		.byte	-33
 386 0165 01       		.byte	1
 387 0166 E0       		.byte	-32
 388 0167 40       		.byte	64
 389 0168 E2       		.byte	-30
 390 0169 C0       		.byte	-64
 391 016a E4       		.byte	-28
 392 016b 40       		.byte	64
 393 016c E5       		.byte	-27
 394 016d 40       		.byte	64
 395 016e E6       		.byte	-26
 396 016f C0       		.byte	-64
 397 0170 E8       		.byte	-24
 398 0171 C0       		.byte	-64
 399 0172 EA       		.byte	-22
ARM GAS  C:\Users\harri\AppData\Local\Temp\ccEzfPC9.s 			page 8


 400 0173 C0       		.byte	-64
 401 0174 EC       		.byte	-20
 402 0175 C0       		.byte	-64
 403 0176 EE       		.byte	-18
 404 0177 C0       		.byte	-64
 405 0178 00       		.byte	0
 406 0179 20       		.byte	32
 407 017a 04       		.byte	4
 408 017b 08       		.byte	8
 409 017c 05       		.byte	5
 410 017d 20       		.byte	32
 411 017e 0A       		.byte	10
 412 017f 41       		.byte	65
 413 0180 0C       		.byte	12
 414 0181 20       		.byte	32
 415 0182 0D       		.byte	13
 416 0183 80       		.byte	-128
 417 0184 0E       		.byte	14
 418 0185 10       		.byte	16
 419 0186 12       		.byte	18
 420 0187 14       		.byte	20
 421 0188 16       		.byte	22
 422 0189 02       		.byte	2
 423 018a 18       		.byte	24
 424 018b 10       		.byte	16
 425 018c 1A       		.byte	26
 426 018d 05       		.byte	5
 427 018e 1B       		.byte	27
 428 018f 41       		.byte	65
 429 0190 1D       		.byte	29
 430 0191 80       		.byte	-128
 431 0192 1E       		.byte	30
 432 0193 80       		.byte	-128
 433 0194 1F       		.byte	31
 434 0195 40       		.byte	64
 435 0196 21       		.byte	33
 436 0197 28       		.byte	40
 437 0198 23       		.byte	35
 438 0199 40       		.byte	64
 439 019a 26       		.byte	38
 440 019b 08       		.byte	8
 441 019c 27       		.byte	39
 442 019d 49       		.byte	73
 443 019e 2C       		.byte	44
 444 019f 02       		.byte	2
 445 01a0 2E       		.byte	46
 446 01a1 28       		.byte	40
 447 01a2 2F       		.byte	47
 448 01a3 08       		.byte	8
 449 01a4 31       		.byte	49
 450 01a5 20       		.byte	32
 451 01a6 34       		.byte	52
 452 01a7 40       		.byte	64
 453 01a8 35       		.byte	53
 454 01a9 01       		.byte	1
 455 01aa 36       		.byte	54
 456 01ab 10       		.byte	16
ARM GAS  C:\Users\harri\AppData\Local\Temp\ccEzfPC9.s 			page 9


 457 01ac 37       		.byte	55
 458 01ad 04       		.byte	4
 459 01ae 38       		.byte	56
 460 01af 20       		.byte	32
 461 01b0 3B       		.byte	59
 462 01b1 04       		.byte	4
 463 01b2 3D       		.byte	61
 464 01b3 95       		.byte	-107
 465 01b4 42       		.byte	66
 466 01b5 01       		.byte	1
 467 01b6 46       		.byte	70
 468 01b7 04       		.byte	4
 469 01b8 48       		.byte	72
 470 01b9 18       		.byte	24
 471 01ba 49       		.byte	73
 472 01bb 02       		.byte	2
 473 01bc 4B       		.byte	75
 474 01bd 04       		.byte	4
 475 01be 4F       		.byte	79
 476 01bf 80       		.byte	-128
 477 01c0 50       		.byte	80
 478 01c1 18       		.byte	24
 479 01c2 52       		.byte	82
 480 01c3 14       		.byte	20
 481 01c4 5C       		.byte	92
 482 01c5 20       		.byte	32
 483 01c6 5E       		.byte	94
 484 01c7 80       		.byte	-128
 485 01c8 5F       		.byte	95
 486 01c9 0A       		.byte	10
 487 01ca 91       		.byte	-111
 488 01cb 15       		.byte	21
 489 01cc 94       		.byte	-108
 490 01cd 04       		.byte	4
 491 01ce 98       		.byte	-104
 492 01cf 40       		.byte	64
 493 01d0 9B       		.byte	-101
 494 01d1 04       		.byte	4
 495 01d2 9D       		.byte	-99
 496 01d3 01       		.byte	1
 497 01d4 9E       		.byte	-98
 498 01d5 20       		.byte	32
 499 01d6 9F       		.byte	-97
 500 01d7 40       		.byte	64
 501 01d8 A1       		.byte	-95
 502 01d9 40       		.byte	64
 503 01da A2       		.byte	-94
 504 01db 10       		.byte	16
 505 01dc A3       		.byte	-93
 506 01dd 10       		.byte	16
 507 01de A4       		.byte	-92
 508 01df 03       		.byte	3
 509 01e0 A6       		.byte	-90
 510 01e1 08       		.byte	8
 511 01e2 B2       		.byte	-78
 512 01e3 48       		.byte	72
 513 01e4 C0       		.byte	-64
ARM GAS  C:\Users\harri\AppData\Local\Temp\ccEzfPC9.s 			page 10


 514 01e5 62       		.byte	98
 515 01e6 C2       		.byte	-62
 516 01e7 E9       		.byte	-23
 517 01e8 C4       		.byte	-60
 518 01e9 86       		.byte	-122
 519 01ea CA       		.byte	-54
 520 01eb 70       		.byte	112
 521 01ec CC       		.byte	-52
 522 01ed F4       		.byte	-12
 523 01ee CE       		.byte	-50
 524 01ef F6       		.byte	-10
 525 01f0 D0       		.byte	-48
 526 01f1 28       		.byte	40
 527 01f2 D2       		.byte	-46
 528 01f3 14       		.byte	20
 529 01f4 D6       		.byte	-42
 530 01f5 F0       		.byte	-16
 531 01f6 04       		.byte	4
 532 01f7 2C       		.byte	44
 533 01f8 06       		.byte	6
 534 01f9 43       		.byte	67
 535 01fa 0B       		.byte	11
 536 01fb 02       		.byte	2
 537 01fc 0E       		.byte	14
 538 01fd 08       		.byte	8
 539 01fe 10       		.byte	16
 540 01ff 71       		.byte	113
 541 0200 12       		.byte	18
 542 0201 06       		.byte	6
 543 0202 15       		.byte	21
 544 0203 02       		.byte	2
 545 0204 16       		.byte	22
 546 0205 0C       		.byte	12
 547 0206 18       		.byte	24
 548 0207 71       		.byte	113
 549 0208 19       		.byte	25
 550 0209 01       		.byte	1
 551 020a 1A       		.byte	26
 552 020b 0E       		.byte	14
 553 020c 24       		.byte	36
 554 020d 80       		.byte	-128
 555 020e 26       		.byte	38
 556 020f 13       		.byte	19
 557 0210 30       		.byte	48
 558 0211 30       		.byte	48
 559 0212 32       		.byte	50
 560 0213 C0       		.byte	-64
 561 0214 33       		.byte	51
 562 0215 02       		.byte	2
 563 0216 34       		.byte	52
 564 0217 0F       		.byte	15
 565 0218 37       		.byte	55
 566 0219 01       		.byte	1
 567 021a 38       		.byte	56
 568 021b 0A       		.byte	10
 569 021c 3A       		.byte	58
 570 021d 20       		.byte	32
ARM GAS  C:\Users\harri\AppData\Local\Temp\ccEzfPC9.s 			page 11


 571 021e 3E       		.byte	62
 572 021f 01       		.byte	1
 573 0220 3F       		.byte	63
 574 0221 40       		.byte	64
 575 0222 40       		.byte	64
 576 0223 04       		.byte	4
 577 0224 45       		.byte	69
 578 0225 40       		.byte	64
 579 0226 49       		.byte	73
 580 0227 FF       		.byte	-1
 581 0228 4A       		.byte	74
 582 0229 07       		.byte	7
 583 022a 4B       		.byte	75
 584 022b FF       		.byte	-1
 585 022c 4C       		.byte	76
 586 022d 40       		.byte	64
 587 022e 4D       		.byte	77
 588 022f 20       		.byte	32
 589 0230 4E       		.byte	78
 590 0231 F0       		.byte	-16
 591 0232 4F       		.byte	79
 592 0233 05       		.byte	5
 593 0234 50       		.byte	80
 594 0235 08       		.byte	8
 595 0236 52       		.byte	82
 596 0237 80       		.byte	-128
 597 0238 58       		.byte	88
 598 0239 04       		.byte	4
 599 023a 59       		.byte	89
 600 023b 04       		.byte	4
 601 023c 5A       		.byte	90
 602 023d 04       		.byte	4
 603 023e 5B       		.byte	91
 604 023f 04       		.byte	4
 605 0240 5C       		.byte	92
 606 0241 01       		.byte	1
 607 0242 5D       		.byte	93
 608 0243 01       		.byte	1
 609 0244 5F       		.byte	95
 610 0245 01       		.byte	1
 611 0246 60       		.byte	96
 612 0247 40       		.byte	64
 613 0248 61       		.byte	97
 614 0249 A8       		.byte	-88
 615 024a 62       		.byte	98
 616 024b 40       		.byte	64
 617 024c 63       		.byte	99
 618 024d 20       		.byte	32
 619 024e 80       		.byte	-128
 620 024f 01       		.byte	1
 621 0250 82       		.byte	-126
 622 0251 06       		.byte	6
 623 0252 84       		.byte	-124
 624 0253 14       		.byte	20
 625 0254 85       		.byte	-123
 626 0255 14       		.byte	20
 627 0256 86       		.byte	-122
ARM GAS  C:\Users\harri\AppData\Local\Temp\ccEzfPC9.s 			page 12


 628 0257 09       		.byte	9
 629 0258 89       		.byte	-119
 630 0259 0C       		.byte	12
 631 025a 8B       		.byte	-117
 632 025b 71       		.byte	113
 633 025c 8D       		.byte	-115
 634 025d 10       		.byte	16
 635 025e 8F       		.byte	-113
 636 025f 40       		.byte	64
 637 0260 90       		.byte	-112
 638 0261 0A       		.byte	10
 639 0262 92       		.byte	-110
 640 0263 31       		.byte	49
 641 0264 96       		.byte	-106
 642 0265 40       		.byte	64
 643 0266 97       		.byte	-105
 644 0267 03       		.byte	3
 645 0268 9B       		.byte	-101
 646 0269 20       		.byte	32
 647 026a A1       		.byte	-95
 648 026b 10       		.byte	16
 649 026c A2       		.byte	-94
 650 026d 40       		.byte	64
 651 026e A3       		.byte	-93
 652 026f AC       		.byte	-84
 653 0270 A4       		.byte	-92
 654 0271 1F       		.byte	31
 655 0272 A5       		.byte	-91
 656 0273 DC       		.byte	-36
 657 0274 A7       		.byte	-89
 658 0275 22       		.byte	34
 659 0276 A8       		.byte	-88
 660 0277 1F       		.byte	31
 661 0278 A9       		.byte	-87
 662 0279 09       		.byte	9
 663 027a AB       		.byte	-85
 664 027b D0       		.byte	-48
 665 027c B0       		.byte	-80
 666 027d 07       		.byte	7
 667 027e B2       		.byte	-78
 668 027f 18       		.byte	24
 669 0280 B3       		.byte	-77
 670 0281 1F       		.byte	31
 671 0282 B4       		.byte	-76
 672 0283 40       		.byte	64
 673 0284 B5       		.byte	-75
 674 0285 E0       		.byte	-32
 675 0286 B6       		.byte	-74
 676 0287 20       		.byte	32
 677 0288 BB       		.byte	-69
 678 0289 20       		.byte	32
 679 028a BE       		.byte	-66
 680 028b 10       		.byte	16
 681 028c C0       		.byte	-64
 682 028d 43       		.byte	67
 683 028e C1       		.byte	-63
 684 028f 02       		.byte	2
ARM GAS  C:\Users\harri\AppData\Local\Temp\ccEzfPC9.s 			page 13


 685 0290 C5       		.byte	-59
 686 0291 0B       		.byte	11
 687 0292 C7       		.byte	-57
 688 0293 CE       		.byte	-50
 689 0294 C8       		.byte	-56
 690 0295 31       		.byte	49
 691 0296 C9       		.byte	-55
 692 0297 FF       		.byte	-1
 693 0298 CA       		.byte	-54
 694 0299 FF       		.byte	-1
 695 029a CB       		.byte	-53
 696 029b FF       		.byte	-1
 697 029c CE       		.byte	-50
 698 029d F0       		.byte	-16
 699 029e CF       		.byte	-49
 700 029f 44       		.byte	68
 701 02a0 D0       		.byte	-48
 702 02a1 0C       		.byte	12
 703 02a2 D4       		.byte	-44
 704 02a3 07       		.byte	7
 705 02a4 D8       		.byte	-40
 706 02a5 04       		.byte	4
 707 02a6 D9       		.byte	-39
 708 02a7 04       		.byte	4
 709 02a8 DA       		.byte	-38
 710 02a9 04       		.byte	4
 711 02aa DB       		.byte	-37
 712 02ab 04       		.byte	4
 713 02ac DC       		.byte	-36
 714 02ad 11       		.byte	17
 715 02ae DD       		.byte	-35
 716 02af 01       		.byte	1
 717 02b0 DF       		.byte	-33
 718 02b1 01       		.byte	1
 719 02b2 E6       		.byte	-26
 720 02b3 C0       		.byte	-64
 721 02b4 EA       		.byte	-22
 722 02b5 40       		.byte	64
 723 02b6 EB       		.byte	-21
 724 02b7 02       		.byte	2
 725 02b8 00       		.byte	0
 726 02b9 80       		.byte	-128
 727 02ba 03       		.byte	3
 728 02bb 20       		.byte	32
 729 02bc 05       		.byte	5
 730 02bd 05       		.byte	5
 731 02be 09       		.byte	9
 732 02bf 12       		.byte	18
 733 02c0 0A       		.byte	10
 734 02c1 10       		.byte	16
 735 02c2 0B       		.byte	11
 736 02c3 80       		.byte	-128
 737 02c4 0C       		.byte	12
 738 02c5 02       		.byte	2
 739 02c6 0F       		.byte	15
 740 02c7 20       		.byte	32
 741 02c8 10       		.byte	16
ARM GAS  C:\Users\harri\AppData\Local\Temp\ccEzfPC9.s 			page 14


 742 02c9 20       		.byte	32
 743 02ca 15       		.byte	21
 744 02cb 14       		.byte	20
 745 02cc 17       		.byte	23
 746 02cd 01       		.byte	1
 747 02ce 19       		.byte	25
 748 02cf 20       		.byte	32
 749 02d0 1A       		.byte	26
 750 02d1 10       		.byte	16
 751 02d2 1B       		.byte	27
 752 02d3 22       		.byte	34
 753 02d4 1C       		.byte	28
 754 02d5 06       		.byte	6
 755 02d6 1D       		.byte	29
 756 02d7 05       		.byte	5
 757 02d8 1F       		.byte	31
 758 02d9 08       		.byte	8
 759 02da 21       		.byte	33
 760 02db 40       		.byte	64
 761 02dc 23       		.byte	35
 762 02dd 20       		.byte	32
 763 02de 24       		.byte	36
 764 02df 08       		.byte	8
 765 02e0 25       		.byte	37
 766 02e1 10       		.byte	16
 767 02e2 26       		.byte	38
 768 02e3 08       		.byte	8
 769 02e4 27       		.byte	39
 770 02e5 10       		.byte	16
 771 02e6 2E       		.byte	46
 772 02e7 10       		.byte	16
 773 02e8 2F       		.byte	47
 774 02e9 60       		.byte	96
 775 02ea 31       		.byte	49
 776 02eb 08       		.byte	8
 777 02ec 33       		.byte	51
 778 02ed 10       		.byte	16
 779 02ee 36       		.byte	54
 780 02ef 28       		.byte	40
 781 02f0 38       		.byte	56
 782 02f1 20       		.byte	32
 783 02f2 3C       		.byte	60
 784 02f3 80       		.byte	-128
 785 02f4 3D       		.byte	61
 786 02f5 20       		.byte	32
 787 02f6 3F       		.byte	63
 788 02f7 04       		.byte	4
 789 02f8 43       		.byte	67
 790 02f9 02       		.byte	2
 791 02fa 45       		.byte	69
 792 02fb 12       		.byte	18
 793 02fc 46       		.byte	70
 794 02fd 10       		.byte	16
 795 02fe 48       		.byte	72
 796 02ff 40       		.byte	64
 797 0300 4F       		.byte	79
 798 0301 04       		.byte	4
ARM GAS  C:\Users\harri\AppData\Local\Temp\ccEzfPC9.s 			page 15


 799 0302 50       		.byte	80
 800 0303 20       		.byte	32
 801 0304 52       		.byte	82
 802 0305 30       		.byte	48
 803 0306 56       		.byte	86
 804 0307 0A       		.byte	10
 805 0308 5D       		.byte	93
 806 0309 02       		.byte	2
 807 030a 5E       		.byte	94
 808 030b 04       		.byte	4
 809 030c 5F       		.byte	95
 810 030d 60       		.byte	96
 811 030e 72       		.byte	114
 812 030f 40       		.byte	64
 813 0310 81       		.byte	-127
 814 0311 40       		.byte	64
 815 0312 8C       		.byte	-116
 816 0313 02       		.byte	2
 817 0314 90       		.byte	-112
 818 0315 20       		.byte	32
 819 0316 91       		.byte	-111
 820 0317 14       		.byte	20
 821 0318 92       		.byte	-110
 822 0319 04       		.byte	4
 823 031a 93       		.byte	-109
 824 031b C0       		.byte	-64
 825 031c 94       		.byte	-108
 826 031d 0C       		.byte	12
 827 031e 96       		.byte	-106
 828 031f 50       		.byte	80
 829 0320 99       		.byte	-103
 830 0321 02       		.byte	2
 831 0322 9B       		.byte	-101
 832 0323 01       		.byte	1
 833 0324 9D       		.byte	-99
 834 0325 21       		.byte	33
 835 0326 9E       		.byte	-98
 836 0327 0A       		.byte	10
 837 0328 A1       		.byte	-95
 838 0329 08       		.byte	8
 839 032a A3       		.byte	-93
 840 032b 10       		.byte	16
 841 032c A4       		.byte	-92
 842 032d 23       		.byte	35
 843 032e A7       		.byte	-89
 844 032f 08       		.byte	8
 845 0330 A8       		.byte	-88
 846 0331 10       		.byte	16
 847 0332 AF       		.byte	-81
 848 0333 01       		.byte	1
 849 0334 B0       		.byte	-80
 850 0335 20       		.byte	32
 851 0336 B2       		.byte	-78
 852 0337 0A       		.byte	10
 853 0338 B3       		.byte	-77
 854 0339 02       		.byte	2
 855 033a C0       		.byte	-64
ARM GAS  C:\Users\harri\AppData\Local\Temp\ccEzfPC9.s 			page 16


 856 033b 35       		.byte	53
 857 033c C2       		.byte	-62
 858 033d 3E       		.byte	62
 859 033e C4       		.byte	-60
 860 033f 74       		.byte	116
 861 0340 CA       		.byte	-54
 862 0341 E0       		.byte	-32
 863 0342 CC       		.byte	-52
 864 0343 66       		.byte	102
 865 0344 CE       		.byte	-50
 866 0345 74       		.byte	116
 867 0346 D0       		.byte	-48
 868 0347 E1       		.byte	-31
 869 0348 D6       		.byte	-42
 870 0349 F0       		.byte	-16
 871 034a E0       		.byte	-32
 872 034b 01       		.byte	1
 873 034c EC       		.byte	-20
 874 034d 09       		.byte	9
 875 034e 61       		.byte	97
 876 034f 40       		.byte	64
 877 0350 66       		.byte	102
 878 0351 08       		.byte	8
 879 0352 D6       		.byte	-42
 880 0353 02       		.byte	2
 881 0354 D8       		.byte	-40
 882 0355 01       		.byte	1
 883 0356 10       		.byte	16
 884 0357 80       		.byte	-128
 885 0358 71       		.byte	113
 886 0359 02       		.byte	2
 887 035a 81       		.byte	-127
 888 035b 02       		.byte	2
 889 035c 8C       		.byte	-116
 890 035d 80       		.byte	-128
 891 035e AA       		.byte	-86
 892 035f 08       		.byte	8
 893 0360 AD       		.byte	-83
 894 0361 40       		.byte	64
 895 0362 C4       		.byte	-60
 896 0363 08       		.byte	8
 897 0364 DC       		.byte	-36
 898 0365 01       		.byte	1
 899 0366 E6       		.byte	-26
 900 0367 02       		.byte	2
 901 0368 00       		.byte	0
 902 0369 02       		.byte	2
 903 036a 0C       		.byte	12
 904 036b 02       		.byte	2
 905 036c 10       		.byte	16
 906 036d 03       		.byte	3
 907 036e 1C       		.byte	28
 908 036f 03       		.byte	3
 909 0370 03       		.byte	3
 910 0371 00       		.byte	0
 911 0372 00       		.byte	0
 912 0373 04       		.byte	4
ARM GAS  C:\Users\harri\AppData\Local\Temp\ccEzfPC9.s 			page 17


 913 0374 02       		.byte	2
 914 0375 08       		.byte	8
 915 0376 00       		.byte	0
 916 0377 00       		.byte	0
 917 0378 1C       		.byte	28
 918 0379 1C       		.byte	28
 919 037a 23       		.byte	35
 920 037b E1       		.byte	-31
 921 037c 00       		.byte	0
 922 037d 10       		.byte	16
 923 037e 00       		.byte	0
 924 037f 00       		.byte	0
 925 0380 01       		.byte	1
 926 0381 C0       		.byte	-64
 927 0382 00       		.byte	0
 928 0383 00       		.byte	0
 929 0384 1F       		.byte	31
 930 0385 3C       		.byte	60
 931 0386 20       		.byte	32
 932 0387 C2       		.byte	-62
 933 0388 33       		.byte	51
 934 0389 E7       		.byte	-25
 935 038a 0C       		.byte	12
 936 038b 18       		.byte	24
 937 038c 3F       		.byte	63
 938 038d 00       		.byte	0
 939 038e 00       		.byte	0
 940 038f E3       		.byte	-29
 941 0390 00       		.byte	0
 942 0391 FF       		.byte	-1
 943 0392 23       		.byte	35
 944 0393 00       		.byte	0
 945 0394 04       		.byte	4
 946 0395 18       		.byte	24
 947 0396 00       		.byte	0
 948 0397 00       		.byte	0
 949 0398 0C       		.byte	12
 950 0399 80       		.byte	-128
 951 039a 00       		.byte	0
 952 039b 00       		.byte	0
 953 039c 08       		.byte	8
 954 039d 44       		.byte	68
 955 039e 00       		.byte	0
 956 039f 00       		.byte	0
 957 03a0 10       		.byte	16
 958 03a1 00       		.byte	0
 959 03a2 2C       		.byte	44
 960 03a3 38       		.byte	56
 961 03a4 0F       		.byte	15
 962 03a5 1F       		.byte	31
 963 03a6 00       		.byte	0
 964 03a7 C0       		.byte	-64
 965 03a8 00       		.byte	0
 966 03a9 00       		.byte	0
 967 03aa A8       		.byte	-88
 968 03ab 20       		.byte	32
 969 03ac 00       		.byte	0
ARM GAS  C:\Users\harri\AppData\Local\Temp\ccEzfPC9.s 			page 18


 970 03ad 00       		.byte	0
 971 03ae 01       		.byte	1
 972 03af 00       		.byte	0
 973 03b0 26       		.byte	38
 974 03b1 04       		.byte	4
 975 03b2 03       		.byte	3
 976 03b3 00       		.byte	0
 977 03b4 01       		.byte	1
 978 03b5 C0       		.byte	-64
 979 03b6 E0       		.byte	-32
 980 03b7 00       		.byte	0
 981 03b8 0A       		.byte	10
 982 03b9 FF       		.byte	-1
 983 03ba FF       		.byte	-1
 984 03bb FF       		.byte	-1
 985 03bc 62       		.byte	98
 986 03bd A0       		.byte	-96
 987 03be F0       		.byte	-16
 988 03bf 41       		.byte	65
 989 03c0 0C       		.byte	12
 990 03c1 00       		.byte	0
 991 03c2 00       		.byte	0
 992 03c3 00       		.byte	0
 993 03c4 00       		.byte	0
 994 03c5 00       		.byte	0
 995 03c6 02       		.byte	2
 996 03c7 10       		.byte	16
 997 03c8 04       		.byte	4
 998 03c9 04       		.byte	4
 999 03ca 04       		.byte	4
 1000 03cb 04       		.byte	4
 1001 03cc 11       		.byte	17
 1002 03cd 11       		.byte	17
 1003 03ce 00       		.byte	0
 1004 03cf 01       		.byte	1
 1005 03d0 00       		.byte	0
 1006 03d1 00       		.byte	0
 1007 03d2 00       		.byte	0
 1008 03d3 00       		.byte	0
 1009 03d4 00       		.byte	0
 1010 03d5 00       		.byte	0
 1011 03d6 40       		.byte	64
 1012 03d7 02       		.byte	2
 1013 03d8 00       		.byte	0
 1014 03d9 10       		.byte	16
 1015 03da 30       		.byte	48
 1016 03db 10       		.byte	16
 1017 03dc 00       		.byte	0
 1018 03dd 10       		.byte	16
 1019 03de 10       		.byte	16
 1020 03df 12       		.byte	18
 1021 03e0 00       		.byte	0
 1022 03e1 00       		.byte	0
 1023 03e2 00       		.byte	0
 1024 03e3 00       		.byte	0
 1025 03e4 00       		.byte	0
 1026 03e5 00       		.byte	0
ARM GAS  C:\Users\harri\AppData\Local\Temp\ccEzfPC9.s 			page 19


 1027 03e6 00       		.byte	0
 1028 03e7 00       		.byte	0
 1029 03e8 00       		.byte	0
 1030 03e9 00       		.byte	0
 1031 03ea 00       		.byte	0
 1032 03eb 00       		.byte	0
 1033 03ec 00       		.byte	0
 1034 03ed 00       		.byte	0
 1035 03ee 00       		.byte	0
 1036 03ef 00       		.byte	0
 1037 03f0 80       		.byte	-128
 1038 03f1 00       		.byte	0
 1039 03f2 40       		.byte	64
 1040 03f3 80       		.byte	-128
 1041 03f4 80       		.byte	-128
 1042 03f5 00       		.byte	0
 1043 03f6 80       		.byte	-128
 1044 03f7 00       		.byte	0
 1045 03f8 00       		.byte	0
 1046 03f9 00       		.byte	0
 1047 03fa 00       		.byte	0
 1048 03fb 00       		.byte	0
 1049 03fc 00       		.byte	0
 1050 03fd 6B       		.byte	107
 1051 03fe 6B       		.byte	107
 1052 03ff 00       		.byte	0
 1053 0400 60       		.byte	96
 1054 0401 00       		.byte	0
 1055 0402 00       		.byte	0
 1056 0403 00       		.byte	0
 1057 0404 00       		.byte	0
 1058 0405 7F       		.byte	127
 1059 0406 7F       		.byte	127
 1060 0407 00       		.byte	0
 1061 0408 00       		.byte	0
 1062 0409 00       		.byte	0
 1063 040a 00       		.byte	0
 1064 040b 00       		.byte	0
 1065              		.section	.cywolatch,"a",%progbits
 1066              		.align	2
 1067              		.type	cy_meta_wonvl, %object
 1068              		.size	cy_meta_wonvl, 4
 1069              	cy_meta_wonvl:
 1070 0000 BC       		.byte	-68
 1071 0001 90       		.byte	-112
 1072 0002 AC       		.byte	-84
 1073 0003 AF       		.byte	-81
 1074              		.section	.cycustnvl,"a",%progbits
 1075              		.align	2
 1076              		.type	cy_meta_custnvl, %object
 1077              		.size	cy_meta_custnvl, 4
 1078              	cy_meta_custnvl:
 1079 0000 00       		.byte	0
 1080 0001 00       		.byte	0
 1081 0002 40       		.byte	64
 1082 0003 05       		.byte	5
 1083              		.section	.cymeta,"a",%progbits
ARM GAS  C:\Users\harri\AppData\Local\Temp\ccEzfPC9.s 			page 20


 1084              		.align	2
 1085              		.type	cy_metadata, %object
 1086              		.size	cy_metadata, 12
 1087              	cy_metadata:
 1088 0000 00       		.byte	0
 1089 0001 01       		.byte	1
 1090 0002 2E       		.byte	46
 1091 0003 16       		.byte	22
 1092 0004 10       		.byte	16
 1093 0005 69       		.byte	105
 1094 0006 00       		.byte	0
 1095 0007 01       		.byte	1
 1096 0008 00       		.byte	0
 1097 0009 00       		.byte	0
 1098 000a 00       		.byte	0
 1099 000b 00       		.byte	0
 1100              		.section	.cyflashprotect,"a",%progbits
 1101              		.align	2
 1102              		.type	cy_meta_flashprotect, %object
 1103              		.size	cy_meta_flashprotect, 256
 1104              	cy_meta_flashprotect:
 1105 0000 00000000 		.space	256
 1105      00000000 
 1105      00000000 
 1105      00000000 
 1105      00000000 
 1106              		.text
 1107              	.Letext0:
 1108              		.file 1 "d:\\psoc\\psoc creator\\4.4\\psoc creator\\import\\gnu\\arm\\5.4.1\\arm-none-eabi\\includ
 1109              		.file 2 "d:\\psoc\\psoc creator\\4.4\\psoc creator\\import\\gnu\\arm\\5.4.1\\arm-none-eabi\\includ
 1110              		.file 3 "Generated_Source\\PSoC5\\cymetadata.c"
 1111              		.section	.debug_info,"",%progbits
 1112              	.Ldebug_info0:
 1113 0000 31010000 		.4byte	0x131
 1114 0004 0400     		.2byte	0x4
 1115 0006 00000000 		.4byte	.Ldebug_abbrev0
 1116 000a 04       		.byte	0x4
 1117 000b 01       		.uleb128 0x1
 1118 000c 24000000 		.4byte	.LASF17
 1119 0010 0C       		.byte	0xc
 1120 0011 C7010000 		.4byte	.LASF18
 1121 0015 5F010000 		.4byte	.LASF19
 1122 0019 00000000 		.4byte	.Ldebug_line0
 1123 001d 02       		.uleb128 0x2
 1124 001e 01       		.byte	0x1
 1125 001f 06       		.byte	0x6
 1126 0020 BB010000 		.4byte	.LASF0
 1127 0024 03       		.uleb128 0x3
 1128 0025 00000000 		.4byte	.LASF9
 1129 0029 01       		.byte	0x1
 1130 002a 1D       		.byte	0x1d
 1131 002b 2F000000 		.4byte	0x2f
 1132 002f 02       		.uleb128 0x2
 1133 0030 01       		.byte	0x1
 1134 0031 08       		.byte	0x8
 1135 0032 16000000 		.4byte	.LASF1
 1136 0036 02       		.uleb128 0x2
ARM GAS  C:\Users\harri\AppData\Local\Temp\ccEzfPC9.s 			page 21


 1137 0037 02       		.byte	0x2
 1138 0038 05       		.byte	0x5
 1139 0039 A8010000 		.4byte	.LASF2
 1140 003d 02       		.uleb128 0x2
 1141 003e 02       		.byte	0x2
 1142 003f 07       		.byte	0x7
 1143 0040 C4000000 		.4byte	.LASF3
 1144 0044 02       		.uleb128 0x2
 1145 0045 04       		.byte	0x4
 1146 0046 05       		.byte	0x5
 1147 0047 B2010000 		.4byte	.LASF4
 1148 004b 02       		.uleb128 0x2
 1149 004c 04       		.byte	0x4
 1150 004d 07       		.byte	0x7
 1151 004e B2000000 		.4byte	.LASF5
 1152 0052 02       		.uleb128 0x2
 1153 0053 08       		.byte	0x8
 1154 0054 05       		.byte	0x5
 1155 0055 51010000 		.4byte	.LASF6
 1156 0059 02       		.uleb128 0x2
 1157 005a 08       		.byte	0x8
 1158 005b 07       		.byte	0x7
 1159 005c 06010000 		.4byte	.LASF7
 1160 0060 04       		.uleb128 0x4
 1161 0061 04       		.byte	0x4
 1162 0062 05       		.byte	0x5
 1163 0063 696E7400 		.ascii	"int\000"
 1164 0067 02       		.uleb128 0x2
 1165 0068 04       		.byte	0x4
 1166 0069 07       		.byte	0x7
 1167 006a F9000000 		.4byte	.LASF8
 1168 006e 03       		.uleb128 0x3
 1169 006f 1D010000 		.4byte	.LASF10
 1170 0073 02       		.byte	0x2
 1171 0074 18       		.byte	0x18
 1172 0075 24000000 		.4byte	0x24
 1173 0079 05       		.uleb128 0x5
 1174 007a 91000000 		.4byte	0x91
 1175 007e 8A000000 		.4byte	0x8a
 1176 0082 06       		.uleb128 0x6
 1177 0083 8A000000 		.4byte	0x8a
 1178 0087 0B04     		.2byte	0x40b
 1179 0089 00       		.byte	0
 1180 008a 02       		.uleb128 0x2
 1181 008b 04       		.byte	0x4
 1182 008c 07       		.byte	0x7
 1183 008d 48010000 		.4byte	.LASF11
 1184 0091 07       		.uleb128 0x7
 1185 0092 6E000000 		.4byte	0x6e
 1186 0096 08       		.uleb128 0x8
 1187 0097 E7000000 		.4byte	.LASF12
 1188 009b 03       		.byte	0x3
 1189 009c 1F       		.byte	0x1f
 1190 009d A7000000 		.4byte	0xa7
 1191 00a1 05       		.uleb128 0x5
 1192 00a2 03       		.byte	0x3
 1193 00a3 00000000 		.4byte	cy_meta_configecc
ARM GAS  C:\Users\harri\AppData\Local\Temp\ccEzfPC9.s 			page 22


 1194 00a7 07       		.uleb128 0x7
 1195 00a8 79000000 		.4byte	0x79
 1196 00ac 05       		.uleb128 0x5
 1197 00ad 91000000 		.4byte	0x91
 1198 00b1 BC000000 		.4byte	0xbc
 1199 00b5 09       		.uleb128 0x9
 1200 00b6 8A000000 		.4byte	0x8a
 1201 00ba 03       		.byte	0x3
 1202 00bb 00       		.byte	0
 1203 00bc 08       		.uleb128 0x8
 1204 00bd D7000000 		.4byte	.LASF13
 1205 00c1 03       		.byte	0x3
 1206 00c2 AE       		.byte	0xae
 1207 00c3 CD000000 		.4byte	0xcd
 1208 00c7 05       		.uleb128 0x5
 1209 00c8 03       		.byte	0x3
 1210 00c9 00000000 		.4byte	cy_meta_custnvl
 1211 00cd 07       		.uleb128 0x7
 1212 00ce AC000000 		.4byte	0xac
 1213 00d2 08       		.uleb128 0x8
 1214 00d3 3A010000 		.4byte	.LASF14
 1215 00d7 03       		.byte	0x3
 1216 00d8 BC       		.byte	0xbc
 1217 00d9 E3000000 		.4byte	0xe3
 1218 00dd 05       		.uleb128 0x5
 1219 00de 03       		.byte	0x3
 1220 00df 00000000 		.4byte	cy_meta_wonvl
 1221 00e3 07       		.uleb128 0x7
 1222 00e4 AC000000 		.4byte	0xac
 1223 00e8 05       		.uleb128 0x5
 1224 00e9 91000000 		.4byte	0x91
 1225 00ed F8000000 		.4byte	0xf8
 1226 00f1 09       		.uleb128 0x9
 1227 00f2 8A000000 		.4byte	0x8a
 1228 00f6 FF       		.byte	0xff
 1229 00f7 00       		.byte	0
 1230 00f8 08       		.uleb128 0x8
 1231 00f9 25010000 		.4byte	.LASF15
 1232 00fd 03       		.byte	0x3
 1233 00fe CA       		.byte	0xca
 1234 00ff 09010000 		.4byte	0x109
 1235 0103 05       		.uleb128 0x5
 1236 0104 03       		.byte	0x3
 1237 0105 00000000 		.4byte	cy_meta_flashprotect
 1238 0109 07       		.uleb128 0x7
 1239 010a E8000000 		.4byte	0xe8
 1240 010e 05       		.uleb128 0x5
 1241 010f 91000000 		.4byte	0x91
 1242 0113 1E010000 		.4byte	0x11e
 1243 0117 09       		.uleb128 0x9
 1244 0118 8A000000 		.4byte	0x8a
 1245 011c 0B       		.byte	0xb
 1246 011d 00       		.byte	0
 1247 011e 08       		.uleb128 0x8
 1248 011f 0A000000 		.4byte	.LASF16
 1249 0123 03       		.byte	0x3
 1250 0124 F7       		.byte	0xf7
ARM GAS  C:\Users\harri\AppData\Local\Temp\ccEzfPC9.s 			page 23


 1251 0125 2F010000 		.4byte	0x12f
 1252 0129 05       		.uleb128 0x5
 1253 012a 03       		.byte	0x3
 1254 012b 00000000 		.4byte	cy_metadata
 1255 012f 07       		.uleb128 0x7
 1256 0130 0E010000 		.4byte	0x10e
 1257 0134 00       		.byte	0
 1258              		.section	.debug_abbrev,"",%progbits
 1259              	.Ldebug_abbrev0:
 1260 0000 01       		.uleb128 0x1
 1261 0001 11       		.uleb128 0x11
 1262 0002 01       		.byte	0x1
 1263 0003 25       		.uleb128 0x25
 1264 0004 0E       		.uleb128 0xe
 1265 0005 13       		.uleb128 0x13
 1266 0006 0B       		.uleb128 0xb
 1267 0007 03       		.uleb128 0x3
 1268 0008 0E       		.uleb128 0xe
 1269 0009 1B       		.uleb128 0x1b
 1270 000a 0E       		.uleb128 0xe
 1271 000b 10       		.uleb128 0x10
 1272 000c 17       		.uleb128 0x17
 1273 000d 00       		.byte	0
 1274 000e 00       		.byte	0
 1275 000f 02       		.uleb128 0x2
 1276 0010 24       		.uleb128 0x24
 1277 0011 00       		.byte	0
 1278 0012 0B       		.uleb128 0xb
 1279 0013 0B       		.uleb128 0xb
 1280 0014 3E       		.uleb128 0x3e
 1281 0015 0B       		.uleb128 0xb
 1282 0016 03       		.uleb128 0x3
 1283 0017 0E       		.uleb128 0xe
 1284 0018 00       		.byte	0
 1285 0019 00       		.byte	0
 1286 001a 03       		.uleb128 0x3
 1287 001b 16       		.uleb128 0x16
 1288 001c 00       		.byte	0
 1289 001d 03       		.uleb128 0x3
 1290 001e 0E       		.uleb128 0xe
 1291 001f 3A       		.uleb128 0x3a
 1292 0020 0B       		.uleb128 0xb
 1293 0021 3B       		.uleb128 0x3b
 1294 0022 0B       		.uleb128 0xb
 1295 0023 49       		.uleb128 0x49
 1296 0024 13       		.uleb128 0x13
 1297 0025 00       		.byte	0
 1298 0026 00       		.byte	0
 1299 0027 04       		.uleb128 0x4
 1300 0028 24       		.uleb128 0x24
 1301 0029 00       		.byte	0
 1302 002a 0B       		.uleb128 0xb
 1303 002b 0B       		.uleb128 0xb
 1304 002c 3E       		.uleb128 0x3e
 1305 002d 0B       		.uleb128 0xb
 1306 002e 03       		.uleb128 0x3
 1307 002f 08       		.uleb128 0x8
ARM GAS  C:\Users\harri\AppData\Local\Temp\ccEzfPC9.s 			page 24


 1308 0030 00       		.byte	0
 1309 0031 00       		.byte	0
 1310 0032 05       		.uleb128 0x5
 1311 0033 01       		.uleb128 0x1
 1312 0034 01       		.byte	0x1
 1313 0035 49       		.uleb128 0x49
 1314 0036 13       		.uleb128 0x13
 1315 0037 01       		.uleb128 0x1
 1316 0038 13       		.uleb128 0x13
 1317 0039 00       		.byte	0
 1318 003a 00       		.byte	0
 1319 003b 06       		.uleb128 0x6
 1320 003c 21       		.uleb128 0x21
 1321 003d 00       		.byte	0
 1322 003e 49       		.uleb128 0x49
 1323 003f 13       		.uleb128 0x13
 1324 0040 2F       		.uleb128 0x2f
 1325 0041 05       		.uleb128 0x5
 1326 0042 00       		.byte	0
 1327 0043 00       		.byte	0
 1328 0044 07       		.uleb128 0x7
 1329 0045 26       		.uleb128 0x26
 1330 0046 00       		.byte	0
 1331 0047 49       		.uleb128 0x49
 1332 0048 13       		.uleb128 0x13
 1333 0049 00       		.byte	0
 1334 004a 00       		.byte	0
 1335 004b 08       		.uleb128 0x8
 1336 004c 34       		.uleb128 0x34
 1337 004d 00       		.byte	0
 1338 004e 03       		.uleb128 0x3
 1339 004f 0E       		.uleb128 0xe
 1340 0050 3A       		.uleb128 0x3a
 1341 0051 0B       		.uleb128 0xb
 1342 0052 3B       		.uleb128 0x3b
 1343 0053 0B       		.uleb128 0xb
 1344 0054 49       		.uleb128 0x49
 1345 0055 13       		.uleb128 0x13
 1346 0056 3F       		.uleb128 0x3f
 1347 0057 19       		.uleb128 0x19
 1348 0058 02       		.uleb128 0x2
 1349 0059 18       		.uleb128 0x18
 1350 005a 00       		.byte	0
 1351 005b 00       		.byte	0
 1352 005c 09       		.uleb128 0x9
 1353 005d 21       		.uleb128 0x21
 1354 005e 00       		.byte	0
 1355 005f 49       		.uleb128 0x49
 1356 0060 13       		.uleb128 0x13
 1357 0061 2F       		.uleb128 0x2f
 1358 0062 0B       		.uleb128 0xb
 1359 0063 00       		.byte	0
 1360 0064 00       		.byte	0
 1361 0065 00       		.byte	0
 1362              		.section	.debug_aranges,"",%progbits
 1363 0000 14000000 		.4byte	0x14
 1364 0004 0200     		.2byte	0x2
ARM GAS  C:\Users\harri\AppData\Local\Temp\ccEzfPC9.s 			page 25


 1365 0006 00000000 		.4byte	.Ldebug_info0
 1366 000a 04       		.byte	0x4
 1367 000b 00       		.byte	0
 1368 000c 0000     		.2byte	0
 1369 000e 0000     		.2byte	0
 1370 0010 00000000 		.4byte	0
 1371 0014 00000000 		.4byte	0
 1372              		.section	.debug_line,"",%progbits
 1373              	.Ldebug_line0:
 1374 0000 0F010000 		.section	.debug_str,"MS",%progbits,1
 1374      02000901 
 1374      00000201 
 1374      FB0E0D00 
 1374      01010101 
 1375              	.LASF9:
 1376 0000 5F5F7569 		.ascii	"__uint8_t\000"
 1376      6E74385F 
 1376      7400
 1377              	.LASF16:
 1378 000a 63795F6D 		.ascii	"cy_metadata\000"
 1378      65746164 
 1378      61746100 
 1379              	.LASF1:
 1380 0016 756E7369 		.ascii	"unsigned char\000"
 1380      676E6564 
 1380      20636861 
 1380      7200
 1381              	.LASF17:
 1382 0024 474E5520 		.ascii	"GNU C11 5.4.1 20160609 (release) [ARM/embedded-5-br"
 1382      43313120 
 1382      352E342E 
 1382      31203230 
 1382      31363036 
 1383 0057 616E6368 		.ascii	"anch revision 237715] -mcpu=cortex-m3 -mthumb -g -O"
 1383      20726576 
 1383      6973696F 
 1383      6E203233 
 1383      37373135 
 1384 008a 67202D66 		.ascii	"g -ffunction-sections -ffat-lto-objects\000"
 1384      66756E63 
 1384      74696F6E 
 1384      2D736563 
 1384      74696F6E 
 1385              	.LASF5:
 1386 00b2 6C6F6E67 		.ascii	"long unsigned int\000"
 1386      20756E73 
 1386      69676E65 
 1386      6420696E 
 1386      7400
 1387              	.LASF3:
 1388 00c4 73686F72 		.ascii	"short unsigned int\000"
 1388      7420756E 
 1388      7369676E 
 1388      65642069 
 1388      6E7400
 1389              	.LASF13:
 1390 00d7 63795F6D 		.ascii	"cy_meta_custnvl\000"
ARM GAS  C:\Users\harri\AppData\Local\Temp\ccEzfPC9.s 			page 26


 1390      6574615F 
 1390      63757374 
 1390      6E766C00 
 1391              	.LASF12:
 1392 00e7 63795F6D 		.ascii	"cy_meta_configecc\000"
 1392      6574615F 
 1392      636F6E66 
 1392      69676563 
 1392      6300
 1393              	.LASF8:
 1394 00f9 756E7369 		.ascii	"unsigned int\000"
 1394      676E6564 
 1394      20696E74 
 1394      00
 1395              	.LASF7:
 1396 0106 6C6F6E67 		.ascii	"long long unsigned int\000"
 1396      206C6F6E 
 1396      6720756E 
 1396      7369676E 
 1396      65642069 
 1397              	.LASF10:
 1398 011d 75696E74 		.ascii	"uint8_t\000"
 1398      385F7400 
 1399              	.LASF15:
 1400 0125 63795F6D 		.ascii	"cy_meta_flashprotect\000"
 1400      6574615F 
 1400      666C6173 
 1400      6870726F 
 1400      74656374 
 1401              	.LASF14:
 1402 013a 63795F6D 		.ascii	"cy_meta_wonvl\000"
 1402      6574615F 
 1402      776F6E76 
 1402      6C00
 1403              	.LASF11:
 1404 0148 73697A65 		.ascii	"sizetype\000"
 1404      74797065 
 1404      00
 1405              	.LASF6:
 1406 0151 6C6F6E67 		.ascii	"long long int\000"
 1406      206C6F6E 
 1406      6720696E 
 1406      7400
 1407              	.LASF19:
 1408 015f 443A5C45 		.ascii	"D:\\Engineering\\Code\\C\\School\\robotics_final\\R"
 1408      6E67696E 
 1408      65657269 
 1408      6E675C43 
 1408      6F64655C 
 1409 018c 6F626F74 		.ascii	"obotArm_Psoc\\Design01.cydsn\000"
 1409      41726D5F 
 1409      50736F63 
 1409      5C446573 
 1409      69676E30 
 1410              	.LASF2:
 1411 01a8 73686F72 		.ascii	"short int\000"
 1411      7420696E 
ARM GAS  C:\Users\harri\AppData\Local\Temp\ccEzfPC9.s 			page 27


 1411      7400
 1412              	.LASF4:
 1413 01b2 6C6F6E67 		.ascii	"long int\000"
 1413      20696E74 
 1413      00
 1414              	.LASF0:
 1415 01bb 7369676E 		.ascii	"signed char\000"
 1415      65642063 
 1415      68617200 
 1416              	.LASF18:
 1417 01c7 47656E65 		.ascii	"Generated_Source\\PSoC5\\cymetadata.c\000"
 1417      72617465 
 1417      645F536F 
 1417      75726365 
 1417      5C50536F 
 1418              		.ident	"GCC: (GNU Tools for ARM Embedded Processors) 5.4.1 20160609 (release) [ARM/embedded-5-bran
